0 info it worked if it ends with ok
1 verbose cli [ '/usr/local/Cellar/node/7.2.0/bin/node',
1 verbose cli   '/usr/local/bin/npm',
1 verbose cli   'run',
1 verbose cli   'build' ]
2 info using npm@3.10.9
3 info using node@v7.2.0
4 verbose run-script [ 'prebuild', 'build', 'postbuild' ]
5 info lifecycle draft-js-alignment-plugin@2.0.0-beta9~prebuild: draft-js-alignment-plugin@2.0.0-beta9
6 silly lifecycle draft-js-alignment-plugin@2.0.0-beta9~prebuild: no script for prebuild, continuing
7 info lifecycle draft-js-alignment-plugin@2.0.0-beta9~build: draft-js-alignment-plugin@2.0.0-beta9
8 verbose lifecycle draft-js-alignment-plugin@2.0.0-beta9~build: unsafe-perm in lifecycle true
9 verbose lifecycle draft-js-alignment-plugin@2.0.0-beta9~build: PATH: /usr/local/lib/node_modules/npm/bin/node-gyp-bin:/Users/steven/xyz/draft/final-draft/src/plugins/draft-js-alignment-plugin/node_modules/.bin:/usr/local/Cellar/node/7.2.0/bin:/Users/steven/xyz/draft/final-draft/src/plugins/draft-js-alignment-plugin/node_modules/.bin:/Users/steven/.config/yarn/link/node_modules/.bin:/Users/steven/xyz/draft/final-draft/src/plugins/draft-js-alignment-plugin/node_modules/.bin:/Users/steven/.config/yarn/link/node_modules/.bin:/usr/local/lib/node_modules/yarn/bin/node-gyp-bin:/Users/steven/.rbenv/shims:/Users/steven/.rbenv/bin:/usr/local/bin:/usr/bin:/bin:/usr/sbin:/sbin
10 verbose lifecycle draft-js-alignment-plugin@2.0.0-beta9~build: CWD: /Users/steven/xyz/draft/final-draft/src/plugins/draft-js-alignment-plugin
11 silly lifecycle draft-js-alignment-plugin@2.0.0-beta9~build: Args: [ '-c',
11 silly lifecycle   'npm run clean && npm run build:js && npm run build:css' ]
12 silly lifecycle draft-js-alignment-plugin@2.0.0-beta9~build: Returned: code: 1  signal: null
13 info lifecycle draft-js-alignment-plugin@2.0.0-beta9~build: Failed to exec build script
14 verbose stack Error: draft-js-alignment-plugin@2.0.0-beta9 build: `npm run clean && npm run build:js && npm run build:css`
14 verbose stack Exit status 1
14 verbose stack     at EventEmitter.<anonymous> (/usr/local/lib/node_modules/npm/lib/utils/lifecycle.js:255:16)
14 verbose stack     at emitTwo (events.js:106:13)
14 verbose stack     at EventEmitter.emit (events.js:191:7)
14 verbose stack     at ChildProcess.<anonymous> (/usr/local/lib/node_modules/npm/lib/utils/spawn.js:40:14)
14 verbose stack     at emitTwo (events.js:106:13)
14 verbose stack     at ChildProcess.emit (events.js:191:7)
14 verbose stack     at maybeClose (internal/child_process.js:885:16)
14 verbose stack     at Process.ChildProcess._handle.onexit (internal/child_process.js:226:5)
15 verbose pkgid draft-js-alignment-plugin@2.0.0-beta9
16 verbose cwd /Users/steven/xyz/draft/final-draft/src/plugins/draft-js-alignment-plugin
17 error Darwin 16.1.0
18 error argv "/usr/local/Cellar/node/7.2.0/bin/node" "/usr/local/bin/npm" "run" "build"
19 error node v7.2.0
20 error npm  v3.10.9
21 error code ELIFECYCLE
22 error draft-js-alignment-plugin@2.0.0-beta9 build: `npm run clean && npm run build:js && npm run build:css`
22 error Exit status 1
23 error Failed at the draft-js-alignment-plugin@2.0.0-beta9 build script 'npm run clean && npm run build:js && npm run build:css'.
23 error Make sure you have the latest version of node.js and npm installed.
23 error If you do, this is most likely a problem with the draft-js-alignment-plugin package,
23 error not with npm itself.
23 error Tell the author that this fails on your system:
23 error     npm run clean && npm run build:js && npm run build:css
23 error You can get information on how to open an issue for this project with:
23 error     npm bugs draft-js-alignment-plugin
23 error Or if that isn't available, you can get their info via:
23 error     npm owner ls draft-js-alignment-plugin
23 error There is likely additional logging output above.
24 verbose exit [ 1, true ]
