0 info it worked if it ends with ok
1 verbose cli [ '/usr/local/Cellar/node/7.2.0/bin/node',
1 verbose cli   '/usr/local/bin/npm',
1 verbose cli   'version',
1 verbose cli   'patch' ]
2 info using npm@3.10.9
3 info using node@v7.2.0
4 error version No valid package.json found
5 verbose stack SyntaxError: Unexpected token } in JSON at position 1409
5 verbose stack     at JSON.parse (<anonymous>)
5 verbose stack     at /usr/local/lib/node_modules/npm/lib/version.js:114:19
5 verbose stack     at /usr/local/lib/node_modules/npm/node_modules/graceful-fs/graceful-fs.js:78:16
5 verbose stack     at FSReqWrap.readFileAfterClose [as oncomplete] (fs.js:415:3)
6 verbose cwd /Users/steven/xyz/draft/final-draft
7 error Darwin 16.1.0
8 error argv "/usr/local/Cellar/node/7.2.0/bin/node" "/usr/local/bin/npm" "version" "patch"
9 error node v7.2.0
10 error npm  v3.10.9
11 error Unexpected token } in JSON at position 1409
12 error If you need help, you may report this error at:
12 error     <https://github.com/npm/npm/issues>
13 verbose exit [ 1, true ]
